<?xml version="1.0" encoding="UTF-8"?>
<testng-results skipped="0" failed="0" total="2" passed="2">
  <reporter-output>
    <line>
      <![CDATA[result/screenshot/2019_03_12_16_05_35_loginSuccessFunction.jpg]]>
    </line>
    <line>
      <![CDATA[<img src="../../result/screenshot/2019_03_12_16_05_35_loginSuccessFunction.jpg"/>]]>
    </line>
    <line>
      <![CDATA[result/screenshot/2019_03_12_16_05_43_openurlsucss.jpg]]>
    </line>
    <line>
      <![CDATA[<img src="../../result/screenshot/2019_03_12_16_05_43_openurlsucss.jpg"/>]]>
    </line>
  </reporter-output>
  <suite name="Suite" duration-ms="22846" started-at="2019-03-12T08:05:21Z" finished-at="2019-03-12T08:05:44Z">
    <groups>
    </groups>
    <test name="Login" duration-ms="22846" started-at="2019-03-12T08:05:21Z" finished-at="2019-03-12T08:05:44Z">
      <class name="com.demo.test.testcases.openurl.OpenurlPage_001_openurlsucss_Test">
        <test-method status="PASS" signature="openurlsucss()[pri:0, instance:com.demo.test.testcases.openurl.OpenurlPage_001_openurlsucss_Test@32e6e9c3]" name="openurlsucss" duration-ms="7872" started-at="2019-03-12T16:05:35Z" finished-at="2019-03-12T16:05:43Z">
          <reporter-output>
            <line>
              <![CDATA[result/screenshot/2019_03_12_16_05_43_openurlsucss.jpg]]>
            </line>
            <line>
              <![CDATA[<img src="../../result/screenshot/2019_03_12_16_05_43_openurlsucss.jpg"/>]]>
            </line>
          </reporter-output>
        </test-method> <!-- openurlsucss -->
      </class> <!-- com.demo.test.testcases.openurl.OpenurlPage_001_openurlsucss_Test -->
      <class name="com.demo.test.testcases.login.LoginPage_001_LoginSuccessFunction_Test">
        <test-method status="PASS" signature="startTest(org.testng.ITestContext)[pri:0, instance:com.demo.test.testcases.login.LoginPage_001_LoginSuccessFunction_Test@153f5a29]" name="startTest" is-config="true" duration-ms="11021" started-at="2019-03-12T16:05:10Z" finished-at="2019-03-12T16:05:21Z">
          <params>
            <param index="0">
              <value>
                <![CDATA[org.testng.TestRunner@f79a760]]>
              </value>
            </param>
          </params>
          <reporter-output>
          </reporter-output>
        </test-method> <!-- startTest -->
        <test-method status="PASS" signature="loginSuccessFunction()[pri:0, instance:com.demo.test.testcases.login.LoginPage_001_LoginSuccessFunction_Test@153f5a29]" name="loginSuccessFunction" duration-ms="13950" started-at="2019-03-12T16:05:21Z" finished-at="2019-03-12T16:05:35Z">
          <reporter-output>
            <line>
              <![CDATA[result/screenshot/2019_03_12_16_05_35_loginSuccessFunction.jpg]]>
            </line>
            <line>
              <![CDATA[<img src="../../result/screenshot/2019_03_12_16_05_35_loginSuccessFunction.jpg"/>]]>
            </line>
          </reporter-output>
        </test-method> <!-- loginSuccessFunction -->
      </class> <!-- com.demo.test.testcases.login.LoginPage_001_LoginSuccessFunction_Test -->
    </test> <!-- Login -->
  </suite> <!-- Suite -->
</testng-results>
