<?xml version="1.0" encoding="UTF-8"?>
<testng-results skipped="0" failed="2" total="5" passed="3">
  <reporter-output>
    <line>
      <![CDATA[result/screenshot/2019_03_23_02_02_13_loginsuc.jpg]]>
    </line>
    <line>
      <![CDATA[<img src="../../result/screenshot/2019_03_23_02_02_13_loginsuc.jpg"/>]]>
    </line>
    <line>
      <![CDATA[result/screenshot/2019_03_23_02_02_13_reset.jpg]]>
    </line>
    <line>
      <![CDATA[<img src="../../result/screenshot/2019_03_23_02_02_13_reset.jpg"/>]]>
    </line>
    <line>
      <![CDATA[result/screenshot/2019_03_23_02_02_18_loginfail.jpg]]>
    </line>
    <line>
      <![CDATA[<img src="../../result/screenshot/2019_03_23_02_02_18_loginfail.jpg"/>]]>
    </line>
    <line>
      <![CDATA[result/screenshot/2019_03_23_02_02_19_openurlsucss.jpg]]>
    </line>
    <line>
      <![CDATA[<img src="../../result/screenshot/2019_03_23_02_02_19_openurlsucss.jpg"/>]]>
    </line>
    <line>
      <![CDATA[result/screenshot/2019_03_23_02_02_40_openurlfail.jpg]]>
    </line>
    <line>
      <![CDATA[<img src="../../result/screenshot/2019_03_23_02_02_40_openurlfail.jpg"/>]]>
    </line>
  </reporter-output>
  <suite name="Suite" duration-ms="38661" started-at="2019-03-22T18:02:01Z" finished-at="2019-03-22T18:02:40Z">
    <groups>
    </groups>
    <test name="Login" duration-ms="38661" started-at="2019-03-22T18:02:01Z" finished-at="2019-03-22T18:02:40Z">
      <class name="com.demo.test.testcases.openurl.OpenurlPage_op003_openurlsucss_Test">
        <test-method status="FAIL" signature="openurlsucss()[pri:0, instance:com.demo.test.testcases.openurl.OpenurlPage_op003_openurlsucss_Test@6276ae34]" name="openurlsucss" duration-ms="1306" started-at="2019-03-23T02:02:18Z" finished-at="2019-03-23T02:02:19Z">
          <exception class="java.lang.NoSuchMethodError">
            <message>
              <![CDATA[org.openqa.selenium.support.ui.WebDriverWait.until(Ljava/util/function/Function;)Ljava/lang/Object;]]>
            </message>
            <full-stacktrace>
              <![CDATA[java.lang.NoSuchMethodError: org.openqa.selenium.support.ui.WebDriverWait.until(Ljava/util/function/Function;)Ljava/lang/Object;
	at com.demo.test.utils.SeleniumUtil.waitForElementToLoad(SeleniumUtil.java:240)
	at com.demo.test.utils.SuperAction.parseExcel(SuperAction.java:247)
	at com.demo.test.testcases.openurl.OpenurlPage_op003_openurlsucss_Test.openurlsucss(OpenurlPage_op003_openurlsucss_Test.java:8)
	at sun.reflect.NativeMethodAccessorImpl.invoke0(Native Method)
	at sun.reflect.NativeMethodAccessorImpl.invoke(NativeMethodAccessorImpl.java:62)
	at sun.reflect.DelegatingMethodAccessorImpl.invoke(DelegatingMethodAccessorImpl.java:43)
	at java.lang.reflect.Method.invoke(Method.java:498)
	at org.testng.internal.MethodInvocationHelper.invokeMethod(MethodInvocationHelper.java:84)
	at org.testng.internal.Invoker.invokeMethod(Invoker.java:714)
	at org.testng.internal.Invoker.invokeTestMethod(Invoker.java:901)
	at org.testng.internal.Invoker.invokeTestMethods(Invoker.java:1231)
	at org.testng.internal.TestMethodWorker.invokeTestMethods(TestMethodWorker.java:127)
	at org.testng.internal.TestMethodWorker.run(TestMethodWorker.java:111)
	at org.testng.TestRunner.privateRun(TestRunner.java:767)
	at org.testng.TestRunner.run(TestRunner.java:617)
	at org.testng.SuiteRunner.runTest(SuiteRunner.java:335)
	at org.testng.SuiteRunner.runSequentially(SuiteRunner.java:330)
	at org.testng.SuiteRunner.privateRun(SuiteRunner.java:291)
	at org.testng.SuiteRunner.run(SuiteRunner.java:240)
	at org.testng.SuiteRunnerWorker.runSuite(SuiteRunnerWorker.java:52)
	at org.testng.SuiteRunnerWorker.run(SuiteRunnerWorker.java:86)
	at org.testng.TestNG.runSuitesSequentially(TestNG.java:1224)
	at org.testng.TestNG.runSuitesLocally(TestNG.java:1149)
	at org.testng.TestNG.run(TestNG.java:1057)
	at org.testng.remote.RemoteTestNG.run(RemoteTestNG.java:111)
	at org.testng.remote.RemoteTestNG.initAndRun(RemoteTestNG.java:204)
	at org.testng.remote.RemoteTestNG.main(RemoteTestNG.java:175)
]]>
            </full-stacktrace>
          </exception> <!-- java.lang.NoSuchMethodError -->
          <reporter-output>
            <line>
              <![CDATA[result/screenshot/2019_03_23_02_02_19_openurlsucss.jpg]]>
            </line>
            <line>
              <![CDATA[<img src="../../result/screenshot/2019_03_23_02_02_19_openurlsucss.jpg"/>]]>
            </line>
          </reporter-output>
        </test-method> <!-- openurlsucss -->
      </class> <!-- com.demo.test.testcases.openurl.OpenurlPage_op003_openurlsucss_Test -->
      <class name="com.demo.test.testcases.openurl.OpenurlPage_op004_openurlfail_Test">
        <test-method status="FAIL" signature="openurlfail()[pri:0, instance:com.demo.test.testcases.openurl.OpenurlPage_op004_openurlfail_Test@7946e1f4]" name="openurlfail" duration-ms="20036" started-at="2019-03-23T02:02:19Z" finished-at="2019-03-23T02:02:40Z">
          <exception class="org.openqa.selenium.TimeoutException">
            <message>
              <![CDATA[timeout
  (Session info: chrome=69.0.3497.100)
  (Driver info: chromedriver=2.36.540470 (e522d04694c7ebea4ba8821272dbef4f9b818c91),platform=Windows NT 6.1.7601 SP1 x86_64) (WARNING: The server did not provide any stacktrace information)
Command duration or timeout: 20.01 seconds
Build info: version: '2.51.0', revision: '1af067d', time: '2016-02-05 19:15:17'
System info: host: 'USER-20151206XD', ip: '169.254.203.19', os.name: 'Windows 7', os.arch: 'amd64', os.version: '6.1', java.version: '1.8.0_141'
Driver info: org.openqa.selenium.chrome.ChromeDriver
Capabilities [{applicationCacheEnabled=false, rotatable=false, mobileEmulationEnabled=false, networkConnectionEnabled=false, chrome={chromedriverVersion=2.36.540470 (e522d04694c7ebea4ba8821272dbef4f9b818c91), userDataDir=C:\Users\ADMINI~1\AppData\Local\Temp\scoped_dir11028_23187}, takesHeapSnapshot=true, pageLoadStrategy=normal, databaseEnabled=false, handlesAlerts=true, hasTouchScreen=false, version=69.0.3497.100, platform=XP, browserConnectionEnabled=false, nativeEvents=true, acceptSslCerts=false, acceptInsecureCerts=false, locationContextEnabled=true, webStorageEnabled=true, browserName=chrome, takesScreenshot=true, javascriptEnabled=true, cssSelectorsEnabled=true, setWindowRect=true, unexpectedAlertBehaviour=}]
Session ID: d5fdbbf0b17490497cc6ae0220ced53f]]>
            </message>
            <full-stacktrace>
              <![CDATA[org.openqa.selenium.TimeoutException: timeout
  (Session info: chrome=69.0.3497.100)
  (Driver info: chromedriver=2.36.540470 (e522d04694c7ebea4ba8821272dbef4f9b818c91),platform=Windows NT 6.1.7601 SP1 x86_64) (WARNING: The server did not provide any stacktrace information)
Command duration or timeout: 20.01 seconds
Build info: version: '2.51.0', revision: '1af067d', time: '2016-02-05 19:15:17'
System info: host: 'USER-20151206XD', ip: '169.254.203.19', os.name: 'Windows 7', os.arch: 'amd64', os.version: '6.1', java.version: '1.8.0_141'
Driver info: org.openqa.selenium.chrome.ChromeDriver
Capabilities [{applicationCacheEnabled=false, rotatable=false, mobileEmulationEnabled=false, networkConnectionEnabled=false, chrome={chromedriverVersion=2.36.540470 (e522d04694c7ebea4ba8821272dbef4f9b818c91), userDataDir=C:\Users\ADMINI~1\AppData\Local\Temp\scoped_dir11028_23187}, takesHeapSnapshot=true, pageLoadStrategy=normal, databaseEnabled=false, handlesAlerts=true, hasTouchScreen=false, version=69.0.3497.100, platform=XP, browserConnectionEnabled=false, nativeEvents=true, acceptSslCerts=false, acceptInsecureCerts=false, locationContextEnabled=true, webStorageEnabled=true, browserName=chrome, takesScreenshot=true, javascriptEnabled=true, cssSelectorsEnabled=true, setWindowRect=true, unexpectedAlertBehaviour=}]
Session ID: d5fdbbf0b17490497cc6ae0220ced53f
	at sun.reflect.NativeConstructorAccessorImpl.newInstance0(Native Method)
	at sun.reflect.NativeConstructorAccessorImpl.newInstance(NativeConstructorAccessorImpl.java:62)
	at sun.reflect.DelegatingConstructorAccessorImpl.newInstance(DelegatingConstructorAccessorImpl.java:45)
	at java.lang.reflect.Constructor.newInstance(Constructor.java:423)
	at org.openqa.selenium.remote.ErrorHandler.createThrowable(ErrorHandler.java:206)
	at org.openqa.selenium.remote.ErrorHandler.throwIfResponseFailed(ErrorHandler.java:158)
	at org.openqa.selenium.remote.RemoteWebDriver.execute(RemoteWebDriver.java:678)
	at org.openqa.selenium.remote.RemoteWebDriver.get(RemoteWebDriver.java:316)
	at com.demo.test.utils.SeleniumUtil.get(SeleniumUtil.java:509)
	at com.demo.test.utils.SuperAction.parseExcel(SuperAction.java:200)
	at com.demo.test.testcases.openurl.OpenurlPage_op004_openurlfail_Test.openurlfail(OpenurlPage_op004_openurlfail_Test.java:8)
	at sun.reflect.NativeMethodAccessorImpl.invoke0(Native Method)
	at sun.reflect.NativeMethodAccessorImpl.invoke(NativeMethodAccessorImpl.java:62)
	at sun.reflect.DelegatingMethodAccessorImpl.invoke(DelegatingMethodAccessorImpl.java:43)
	at java.lang.reflect.Method.invoke(Method.java:498)
	at org.testng.internal.MethodInvocationHelper.invokeMethod(MethodInvocationHelper.java:84)
	at org.testng.internal.Invoker.invokeMethod(Invoker.java:714)
	at org.testng.internal.Invoker.invokeTestMethod(Invoker.java:901)
	at org.testng.internal.Invoker.invokeTestMethods(Invoker.java:1231)
	at org.testng.internal.TestMethodWorker.invokeTestMethods(TestMethodWorker.java:127)
	at org.testng.internal.TestMethodWorker.run(TestMethodWorker.java:111)
	at org.testng.TestRunner.privateRun(TestRunner.java:767)
	at org.testng.TestRunner.run(TestRunner.java:617)
	at org.testng.SuiteRunner.runTest(SuiteRunner.java:335)
	at org.testng.SuiteRunner.runSequentially(SuiteRunner.java:330)
	at org.testng.SuiteRunner.privateRun(SuiteRunner.java:291)
	at org.testng.SuiteRunner.run(SuiteRunner.java:240)
	at org.testng.SuiteRunnerWorker.runSuite(SuiteRunnerWorker.java:52)
	at org.testng.SuiteRunnerWorker.run(SuiteRunnerWorker.java:86)
	at org.testng.TestNG.runSuitesSequentially(TestNG.java:1224)
	at org.testng.TestNG.runSuitesLocally(TestNG.java:1149)
	at org.testng.TestNG.run(TestNG.java:1057)
	at org.testng.remote.RemoteTestNG.run(RemoteTestNG.java:111)
	at org.testng.remote.RemoteTestNG.initAndRun(RemoteTestNG.java:204)
	at org.testng.remote.RemoteTestNG.main(RemoteTestNG.java:175)
]]>
            </full-stacktrace>
          </exception> <!-- org.openqa.selenium.TimeoutException -->
          <reporter-output>
            <line>
              <![CDATA[result/screenshot/2019_03_23_02_02_40_openurlfail.jpg]]>
            </line>
            <line>
              <![CDATA[<img src="../../result/screenshot/2019_03_23_02_02_40_openurlfail.jpg"/>]]>
            </line>
          </reporter-output>
        </test-method> <!-- openurlfail -->
      </class> <!-- com.demo.test.testcases.openurl.OpenurlPage_op004_openurlfail_Test -->
      <class name="com.demo.test.testcases.login.LoginPage_op002_loginfail_Test">
        <test-method status="PASS" signature="loginfail()[pri:0, instance:com.demo.test.testcases.login.LoginPage_op002_loginfail_Test@3c09711b]" name="loginfail" duration-ms="4024" started-at="2019-03-23T02:02:14Z" finished-at="2019-03-23T02:02:18Z">
          <reporter-output>
            <line>
              <![CDATA[result/screenshot/2019_03_23_02_02_18_loginfail.jpg]]>
            </line>
            <line>
              <![CDATA[<img src="../../result/screenshot/2019_03_23_02_02_18_loginfail.jpg"/>]]>
            </line>
          </reporter-output>
        </test-method> <!-- loginfail -->
      </class> <!-- com.demo.test.testcases.login.LoginPage_op002_loginfail_Test -->
      <class name="com.demo.test.testcases.cz.LoginPage_click_reset_Test">
        <test-method status="PASS" signature="reset()[pri:0, instance:com.demo.test.testcases.cz.LoginPage_click_reset_Test@39fb3ab6]" name="reset" duration-ms="220" started-at="2019-03-23T02:02:13Z" finished-at="2019-03-23T02:02:13Z">
          <reporter-output>
            <line>
              <![CDATA[result/screenshot/2019_03_23_02_02_13_reset.jpg]]>
            </line>
            <line>
              <![CDATA[<img src="../../result/screenshot/2019_03_23_02_02_13_reset.jpg"/>]]>
            </line>
          </reporter-output>
        </test-method> <!-- reset -->
      </class> <!-- com.demo.test.testcases.cz.LoginPage_click_reset_Test -->
      <class name="com.demo.test.testcases.login.LoginPage_op001_loginsuc_Test">
        <test-method status="PASS" signature="startTest(org.testng.ITestContext)[pri:0, instance:com.demo.test.testcases.login.LoginPage_op001_loginsuc_Test@531be3c5]" name="startTest" is-config="true" duration-ms="15585" started-at="2019-03-23T02:01:46Z" finished-at="2019-03-23T02:02:01Z">
          <params>
            <param index="0">
              <value>
                <![CDATA[org.testng.TestRunner@2974f221]]>
              </value>
            </param>
          </params>
          <reporter-output>
          </reporter-output>
        </test-method> <!-- startTest -->
        <test-method status="PASS" signature="loginsuc()[pri:0, instance:com.demo.test.testcases.login.LoginPage_op001_loginsuc_Test@531be3c5]" name="loginsuc" duration-ms="11140" started-at="2019-03-23T02:02:01Z" finished-at="2019-03-23T02:02:13Z">
          <reporter-output>
            <line>
              <![CDATA[result/screenshot/2019_03_23_02_02_13_loginsuc.jpg]]>
            </line>
            <line>
              <![CDATA[<img src="../../result/screenshot/2019_03_23_02_02_13_loginsuc.jpg"/>]]>
            </line>
          </reporter-output>
        </test-method> <!-- loginsuc -->
      </class> <!-- com.demo.test.testcases.login.LoginPage_op001_loginsuc_Test -->
    </test> <!-- Login -->
  </suite> <!-- Suite -->
</testng-results>
