<?xml version="1.0" encoding="UTF-8"?>
<!-- Generated by org.testng.reporters.JUnitXMLReporter -->
<testsuite hostname="USER-20151206XD" name="Login" tests="2" failures="0" timestamp="12 Mar 2019 08:05:44 GMT" time="22.846" errors="0">
  <testcase name="loginSuccessFunction" time="13.95" classname="com.demo.test.testcases.login.LoginPage_001_LoginSuccessFunction_Test"/>
  <testcase name="openurlsucss" time="7.872" classname="com.demo.test.testcases.openurl.OpenurlPage_001_openurlsucss_Test"/>
</testsuite> <!-- Login -->
